TN:
SF:src/Chalkit.ts
FN:33,(anonymous_0)
FN:39,(anonymous_1)
FN:63,(anonymous_2)
FN:67,(anonymous_3)
FN:82,(anonymous_4)
FN:103,(anonymous_5)
FN:119,(anonymous_6)
FN:125,(anonymous_7)
FN:131,(anonymous_8)
FN:138,(anonymous_9)
FN:212,(anonymous_10)
FN:221,(anonymous_11)
FNF:12
FNH:9
FNDA:11,(anonymous_0)
FNDA:26,(anonymous_1)
FNDA:5,(anonymous_2)
FNDA:12,(anonymous_3)
FNDA:12,(anonymous_4)
FNDA:26,(anonymous_5)
FNDA:28,(anonymous_6)
FNDA:0,(anonymous_7)
FNDA:25,(anonymous_8)
FNDA:25,(anonymous_9)
FNDA:0,(anonymous_10)
FNDA:0,(anonymous_11)
DA:1,1
DA:28,1
DA:34,11
DA:35,11
DA:36,11
DA:40,26
DA:41,0
DA:46,26
DA:48,26
DA:49,1
DA:52,25
DA:53,25
DA:55,25
DA:56,25
DA:58,0
DA:59,0
DA:65,5
DA:68,12
DA:73,5
DA:74,5
DA:75,10
DA:76,2
DA:80,5
DA:82,5
DA:83,12
DA:86,1
DA:89,1
DA:90,2
DA:91,1
DA:93,1
DA:97,1
DA:104,26
DA:120,28
DA:121,8
DA:126,0
DA:127,0
DA:132,25
DA:133,25
DA:135,0
DA:143,25
DA:144,25
DA:146,25
DA:147,25
DA:148,21
DA:149,21
DA:152,25
DA:154,18
DA:155,18
DA:158,0
DA:159,0
DA:162,7
DA:163,7
DA:167,7
DA:170,0
DA:171,0
DA:174,0
DA:175,0
DA:179,0
DA:182,0
DA:183,0
DA:184,0
DA:187,0
DA:188,0
DA:192,0
DA:195,0
DA:196,0
DA:198,0
DA:201,0
DA:202,0
DA:206,0
DA:209,0
DA:210,0
DA:211,0
DA:212,0
DA:214,0
DA:218,0
DA:219,0
DA:220,0
DA:221,0
DA:224,0
DA:227,0
LF:81
LH:45
BRDA:33,0,0,11
BRDA:35,1,0,11
BRDA:35,1,1,11
BRDA:36,2,0,11
BRDA:36,2,1,11
BRDA:40,3,0,0
BRDA:48,4,0,1
BRDA:75,5,0,2
BRDA:90,6,0,1
BRDA:90,6,1,1
BRDA:98,7,0,1
BRDA:98,7,1,0
BRDA:120,8,0,8
BRDA:126,9,0,0
BRDA:132,10,0,25
BRDA:132,11,0,25
BRDA:132,11,1,0
BRDA:144,12,0,0
BRDA:152,13,0,18
BRDA:152,13,1,0
BRDA:152,13,2,7
BRDA:152,13,3,0
BRDA:152,13,4,0
BRDA:152,13,5,0
BRDA:152,13,6,0
BRDA:152,13,7,0
BRDA:152,13,8,0
BRDA:152,13,9,0
BRDA:152,13,10,0
BRDA:152,13,11,0
BRDA:177,14,0,0
BRDA:177,14,1,0
BRDA:195,15,0,0
BRDA:211,16,0,0
BRDA:211,16,1,0
BRDA:219,17,0,0
BRF:36
BRH:15
end_of_record
