TN:
SF:src/Chalkit.ts
FN:33,(anonymous_0)
FN:39,(anonymous_1)
FN:63,(anonymous_2)
FN:67,(anonymous_3)
FN:82,(anonymous_4)
FN:103,(anonymous_5)
FN:119,(anonymous_6)
FN:125,(anonymous_7)
FN:131,(anonymous_8)
FN:138,(anonymous_9)
FN:212,(anonymous_10)
FN:221,(anonymous_11)
FNF:12
FNH:9
FNDA:5,(anonymous_0)
FNDA:11,(anonymous_1)
FNDA:3,(anonymous_2)
FNDA:6,(anonymous_3)
FNDA:6,(anonymous_4)
FNDA:11,(anonymous_5)
FNDA:3,(anonymous_6)
FNDA:0,(anonymous_7)
FNDA:10,(anonymous_8)
FNDA:10,(anonymous_9)
FNDA:0,(anonymous_10)
FNDA:0,(anonymous_11)
DA:1,1
DA:28,1
DA:34,5
DA:35,5
DA:36,5
DA:40,11
DA:41,0
DA:46,11
DA:48,11
DA:49,1
DA:52,10
DA:53,10
DA:55,10
DA:56,10
DA:58,0
DA:59,0
DA:65,3
DA:68,6
DA:73,3
DA:74,3
DA:75,6
DA:76,2
DA:80,3
DA:82,3
DA:83,6
DA:86,1
DA:89,1
DA:90,2
DA:91,1
DA:93,1
DA:97,1
DA:104,11
DA:120,3
DA:121,0
DA:126,0
DA:127,0
DA:132,10
DA:133,10
DA:135,0
DA:143,10
DA:144,10
DA:146,10
DA:147,10
DA:148,0
DA:149,0
DA:152,10
DA:154,7
DA:155,7
DA:158,0
DA:159,0
DA:162,3
DA:163,3
DA:167,3
DA:170,0
DA:171,0
DA:174,0
DA:175,0
DA:179,0
DA:182,0
DA:183,0
DA:184,0
DA:187,0
DA:188,0
DA:192,0
DA:195,0
DA:196,0
DA:198,0
DA:201,0
DA:202,0
DA:206,0
DA:209,0
DA:210,0
DA:211,0
DA:212,0
DA:214,0
DA:218,0
DA:219,0
DA:220,0
DA:221,0
DA:224,0
DA:227,0
LF:81
LH:42
BRDA:33,0,0,5
BRDA:35,1,0,5
BRDA:35,1,1,5
BRDA:36,2,0,5
BRDA:36,2,1,5
BRDA:40,3,0,0
BRDA:48,4,0,1
BRDA:75,5,0,2
BRDA:90,6,0,1
BRDA:90,6,1,1
BRDA:98,7,0,1
BRDA:98,7,1,0
BRDA:120,8,0,0
BRDA:126,9,0,0
BRDA:132,10,0,10
BRDA:132,11,0,10
BRDA:132,11,1,0
BRDA:144,12,0,0
BRDA:152,13,0,7
BRDA:152,13,1,0
BRDA:152,13,2,3
BRDA:152,13,3,0
BRDA:152,13,4,0
BRDA:152,13,5,0
BRDA:152,13,6,0
BRDA:152,13,7,0
BRDA:152,13,8,0
BRDA:152,13,9,0
BRDA:152,13,10,0
BRDA:152,13,11,0
BRDA:177,14,0,0
BRDA:177,14,1,0
BRDA:195,15,0,0
BRDA:211,16,0,0
BRDA:211,16,1,0
BRDA:219,17,0,0
BRF:36
BRH:14
end_of_record
